# JRE version: OpenJDK Runtime Environment Zulu15.36+13-CA (15.0.5+3) (build 15.0.5+3-MTS)
# Java VM: OpenJDK 64-Bit Server VM Zulu15.36+13-CA (15.0.5+3-MTS, mixed mode, tiered, compressed oops, g1 gc, bsd-aarch64)
GC Precious Log:
 CPUs: 8 total, 8 available
 Memory: 16384M
 Large Page Support: Disabled
 NUMA Support: Disabled
 Compressed Oops: Enabled (Zero based)
 Heap Region Size: 2M
 Heap Min Capacity: 8M
 Heap Initial Capacity: 256M
 Heap Max Capacity: 4G
 Pre-touch: Disabled
 Parallel Workers: 8
 Concurrent Workers: 2
 Concurrent Refinement Workers: 8
 Periodic GC: Disabled
Heap:
 garbage-first heap   total 133120K, used 41619K [0x00000006c0000000, 0x00000007c0000000)
  region size 2048K, 10 young (20480K), 4 survivors (8192K)
 Metaspace       used 73453K, capacity 74235K, committed 74544K, reserved 1114112K
  class space    used 8955K, capacity 9246K, committed 9344K, reserved 1048576K
GC Heap History (20 events):
Event: 0.815 GC heap before
{Heap before GC invocations=4 (full 0):
 garbage-first heap   total 49152K, used 43559K [0x00000006c0000000, 0x00000007c0000000)
  region size 2048K, 20 young (40960K), 2 survivors (4096K)
 Metaspace       used 27296K, capacity 27654K, committed 27952K, reserved 1075200K
  class space    used 2953K, capacity 3085K, committed 3200K, reserved 1048576K
}
Event: 0.818 GC heap after
{Heap after GC invocations=5 (full 0):
 garbage-first heap   total 53248K, used 10317K [0x00000006c0000000, 0x00000007c0000000)
  region size 2048K, 2 young (4096K), 2 survivors (4096K)
 Metaspace       used 27296K, capacity 27654K, committed 27952K, reserved 1075200K
  class space    used 2953K, capacity 3085K, committed 3200K, reserved 1048576K
}
Event: 0.862 GC heap before
{Heap before GC invocations=5 (full 0):
 garbage-first heap   total 53248K, used 32845K [0x00000006c0000000, 0x00000007c0000000)
  region size 2048K, 14 young (28672K), 2 survivors (4096K)
 Metaspace       used 28948K, capacity 29263K, committed 29360K, reserved 1075200K
  class space    used 3158K, capacity 3280K, committed 3328K, reserved 1048576K
}
Event: 0.868 GC heap after
{Heap after GC invocations=6 (full 0):
 garbage-first heap   total 157696K, used 11410K [0x00000006c0000000, 0x00000007c0000000)
  region size 2048K, 2 young (4096K), 2 survivors (4096K)
 Metaspace       used 28948K, capacity 29263K, committed 29360K, reserved 1075200K
  class space    used 3158K, capacity 3280K, committed 3328K, reserved 1048576K
}
Event: 1.293 GC heap before
{Heap before GC invocations=6 (full 0):
 garbage-first heap   total 157696K, used 99474K [0x00000006c0000000, 0x00000007c0000000)
  region size 2048K, 46 young (94208K), 2 survivors (4096K)
 Metaspace       used 35209K, capacity 35729K, committed 35888K, reserved 1081344K
  class space    used 3944K, capacity 4130K, committed 4224K, reserved 1048576K
}
Event: 1.297 GC heap after
{Heap after GC invocations=7 (full 0):
 garbage-first heap   total 157696K, used 14421K [0x00000006c0000000, 0x00000007c0000000)
  region size 2048K, 3 young (6144K), 3 survivors (6144K)
 Metaspace       used 35209K, capacity 35729K, committed 35888K, reserved 1081344K
  class space    used 3944K, capacity 4130K, committed 4224K, reserved 1048576K
}
Event: 1.307 GC heap before
{Heap before GC invocations=7 (full 0):
 garbage-first heap   total 157696K, used 14421K [0x00000006c0000000, 0x00000007c0000000)
  region size 2048K, 4 young (8192K), 3 survivors (6144K)
 Metaspace       used 35331K, capacity 35793K, committed 35888K, reserved 1081344K
  class space    used 3961K, capacity 4130K, committed 4224K, reserved 1048576K
}
Event: 1.309 GC heap after
{Heap after GC invocations=8 (full 0):
 garbage-first heap   total 157696K, used 14590K [0x00000006c0000000, 0x00000007c0000000)
  region size 2048K, 3 young (6144K), 3 survivors (6144K)
 Metaspace       used 35331K, capacity 35793K, committed 35888K, reserved 1081344K
  class space    used 3961K, capacity 4130K, committed 4224K, reserved 1048576K
}
Event: 1.565 GC heap before
{Heap before GC invocations=9 (full 0):
 garbage-first heap   total 61440K, used 45310K [0x00000006c0000000, 0x00000007c0000000)
  region size 2048K, 19 young (38912K), 3 survivors (6144K)
 Metaspace       used 41437K, capacity 41923K, committed 42032K, reserved 1087488K
  class space    used 4770K, capacity 4952K, committed 4992K, reserved 1048576K
}
Event: 1.569 GC heap after
{Heap after GC invocations=10 (full 0):
 garbage-first heap   total 61440K, used 17718K [0x00000006c0000000, 0x00000007c0000000)
  region size 2048K, 2 young (4096K), 2 survivors (4096K)
 Metaspace       used 41437K, capacity 41923K, committed 42032K, reserved 1087488K
  class space    used 4770K, capacity 4952K, committed 4992K, reserved 1048576K
}
Event: 1.574 GC heap before
{Heap before GC invocations=10 (full 0):
 garbage-first heap   total 61440K, used 42294K [0x00000006c0000000, 0x00000007c0000000)
  region size 2048K, 15 young (30720K), 2 survivors (4096K)
 Metaspace       used 41465K, capacity 41987K, committed 42032K, reserved 1087488K
  class space    used 4775K, capacity 4952K, committed 4992K, reserved 1048576K
}
Event: 1.576 GC heap after
{Heap after GC invocations=11 (full 0):
 garbage-first heap   total 161792K, used 18166K [0x00000006c0000000, 0x00000007c0000000)
  region size 2048K, 1 young (2048K), 1 survivors (2048K)
 Metaspace       used 41465K, capacity 41987K, committed 42032K, reserved 1087488K
  class space    used 4775K, capacity 4952K, committed 4992K, reserved 1048576K
}
Event: 1.999 GC heap before
{Heap before GC invocations=11 (full 0):
 garbage-first heap   total 161792K, used 110326K [0x00000006c0000000, 0x00000007c0000000)
  region size 2048K, 47 young (96256K), 1 survivors (2048K)
 Metaspace       used 51149K, capacity 51712K, committed 51888K, reserved 1095680K
  class space    used 5927K, capacity 6139K, committed 6144K, reserved 1048576K
}
Event: 2.001 GC heap after
{Heap after GC invocations=12 (full 0):
 garbage-first heap   total 161792K, used 21623K [0x00000006c0000000, 0x00000007c0000000)
  region size 2048K, 2 young (4096K), 2 survivors (4096K)
 Metaspace       used 51149K, capacity 51712K, committed 51888K, reserved 1095680K
  class space    used 5927K, capacity 6139K, committed 6144K, reserved 1048576K
}
Event: 2.365 GC heap before
{Heap before GC invocations=12 (full 0):
 garbage-first heap   total 161792K, used 62583K [0x00000006c0000000, 0x00000007c0000000)
  region size 2048K, 24 young (49152K), 2 survivors (4096K)
 Metaspace       used 59475K, capacity 60044K, committed 60208K, reserved 1101824K
  class space    used 7220K, capacity 7438K, committed 7552K, reserved 1048576K
}
Event: 2.369 GC heap after
{Heap after GC invocations=13 (full 0):
 garbage-first heap   total 161792K, used 23809K [0x00000006c0000000, 0x00000007c0000000)
  region size 2048K, 4 young (8192K), 4 survivors (8192K)
 Metaspace       used 59475K, capacity 60044K, committed 60208K, reserved 1101824K
  class space    used 7220K, capacity 7438K, committed 7552K, reserved 1048576K
}
Event: 2.722 GC heap before
{Heap before GC invocations=14 (full 0):
 garbage-first heap   total 110592K, used 81153K [0x00000006c0000000, 0x00000007c0000000)
  region size 2048K, 32 young (65536K), 4 survivors (8192K)
 Metaspace       used 67781K, capacity 68426K, committed 68656K, reserved 1110016K
  class space    used 8247K, capacity 8502K, committed 8576K, reserved 1048576K
}
Event: 2.727 GC heap after
{Heap after GC invocations=15 (full 0):
 garbage-first heap   total 110592K, used 27261K [0x00000006c0000000, 0x00000007c0000000)
  region size 2048K, 3 young (6144K), 3 survivors (6144K)
 Metaspace       used 67781K, capacity 68426K, committed 68656K, reserved 1110016K
  class space    used 8247K, capacity 8502K, committed 8576K, reserved 1048576K
}
Event: 3.153 GC heap before
{Heap before GC invocations=16 (full 0):
 garbage-first heap   total 110592K, used 82557K [0x00000006c0000000, 0x00000007c0000000)
  region size 2048K, 31 young (63488K), 3 survivors (6144K)
 Metaspace       used 72329K, capacity 73056K, committed 73264K, reserved 1114112K
  class space    used 8788K, capacity 9049K, committed 9088K, reserved 1048576K
}
Event: 3.158 GC heap after
{Heap after GC invocations=17 (full 0):
 garbage-first heap   total 133120K, used 31379K [0x00000006c0000000, 0x00000007c0000000)
  region size 2048K, 4 young (8192K), 4 survivors (8192K)
 Metaspace       used 72329K, capacity 73056K, committed 73264K, reserved 1114112K
  class space    used 8788K, capacity 9049K, committed 9088K, reserved 1048576K
}

